<?xml version="1.0" encoding="UTF-8"?>
<testsuite name="AllScan"
           tests="5"
           failures="1"
           errors="0"
           skipped="0"
           time="23.563">
    <properties></properties>

            <testcase
                name="tearDown"
                time="0.545"
                classname="HomeSuite">

            <failure type="java.lang.NoClassDefFoundError" message="Could not initialize class org.openqa.selenium.WebDriverException">
                <![CDATA[java.lang.NoClassDefFoundError: Could not initialize class org.openqa.selenium.WebDriverException
                org.openqa.selenium.remote.service.DriverCommandExecutor.execute(DriverCommandExecutor.java:116)org.openqa.selenium.remote.RemoteWebDriver.execute(RemoteWebDriver.java:501)org.openqa.selenium.remote.RemoteWebDriver.execute(RemoteWebDriver.java:558)org.openqa.selenium.remote.RemoteWebDriver.execute(RemoteWebDriver.java:562)org.openqa.selenium.remote.RemoteWebDriver.quit(RemoteWebDriver.java:398)BaseTest.tearDown(BaseTest.java:75)sun.reflect.NativeMethodAccessorImpl.invoke0(Native Method)sun.reflect.NativeMethodAccessorImpl.invoke(NativeMethodAccessorImpl.java:62)sun.reflect.DelegatingMethodAccessorImpl.invoke(DelegatingMethodAccessorImpl.java:43)java.lang.reflect.Method.invoke(Method.java:498)org.testng.internal.MethodInvocationHelper.invokeMethod(MethodInvocationHelper.java:132)org.testng.internal.MethodInvocationHelper.invokeMethodConsideringTimeout(MethodInvocationHelper.java:61)org.testng.internal.ConfigInvoker.invokeConfigurationMethod(ConfigInvoker.java:366)org.testng.internal.ConfigInvoker.invokeConfigurations(ConfigInvoker.java:320)org.testng.internal.TestMethodWorker.invokeAfterClassMethods(TestMethodWorker.java:217)org.testng.internal.TestMethodWorker.run(TestMethodWorker.java:130)java.util.ArrayList.forEach(ArrayList.java:1249)org.testng.TestRunner.privateRun(TestRunner.java:764)org.testng.TestRunner.run(TestRunner.java:585)org.testng.SuiteRunner.runTest(SuiteRunner.java:384)org.testng.SuiteRunner.runSequentially(SuiteRunner.java:378)org.testng.SuiteRunner.privateRun(SuiteRunner.java:337)org.testng.SuiteRunner.run(SuiteRunner.java:286)org.testng.SuiteRunnerWorker.runSuite(SuiteRunnerWorker.java:53)org.testng.SuiteRunnerWorker.run(SuiteRunnerWorker.java:96)org.testng.TestNG.runSuitesSequentially(TestNG.java:1218)org.testng.TestNG.runSuitesLocally(TestNG.java:1140)org.testng.TestNG.runSuites(TestNG.java:1069)org.testng.TestNG.run(TestNG.java:1037)com.intellij.rt.testng.IDEARemoteTestNG.run(IDEARemoteTestNG.java:66)com.intellij.rt.testng.RemoteTestNGStarter.main(RemoteTestNGStarter.java:109)
]]>
            </failure>
    </testcase>


            <testcase
                name="invalidPageCheck"
                time="1.251"
                classname="HomeSuite">
            </testcase>
            <testcase
                name="checkInit"
                time="2.208"
                classname="HomeSuite">
            </testcase>
            <testcase
                name="consoleErrorsChecker"
                time="3.025"
                classname="HomeSuite">
            </testcase>
            <testcase
                name="linksValidator"
                time="16.534"
                classname="HomeSuite">
            </testcase>
</testsuite>
